<?xml version="1.0" encoding="UTF-8"?>
<testsuite xmlns:xsi="http://www.w3.org/2001/XMLSchema-instance" xsi:noNamespaceSchemaLocation="https://maven.apache.org/surefire/maven-surefire-plugin/xsd/surefire-test-report.xsd" version="3.0.1" name="MaGiNiSo.service.NonSenseServiceTest" time="0.094" tests="4" errors="0" skipped="0" failures="0">
  <properties>
    <property name="java.specification.version" value="20"/>
    <property name="sun.cpu.isalist" value="amd64"/>
    <property name="sun.jnu.encoding" value="Cp1252"/>
    <property name="java.class.path" value="C:\NONSENSE_generator\Code\target\test-classes;C:\NONSENSE_generator\Code\target\classes;C:\Users\Zero_X\.m2\repository\junit\junit\4.13.2\junit-4.13.2.jar;C:\Users\Zero_X\.m2\repository\org\hamcrest\hamcrest-core\2.2\hamcrest-core-2.2.jar;C:\Users\Zero_X\.m2\repository\com\google\cloud\google-cloud-language\2.2.0\google-cloud-language-2.2.0.jar;C:\Users\Zero_X\.m2\repository\io\grpc\grpc-api\1.46.0\grpc-api-1.46.0.jar;C:\Users\Zero_X\.m2\repository\io\grpc\grpc-context\1.46.0\grpc-context-1.46.0.jar;C:\Users\Zero_X\.m2\repository\com\google\code\findbugs\jsr305\3.0.2\jsr305-3.0.2.jar;C:\Users\Zero_X\.m2\repository\com\google\errorprone\error_prone_annotations\2.13.1\error_prone_annotations-2.13.1.jar;C:\Users\Zero_X\.m2\repository\io\grpc\grpc-stub\1.46.0\grpc-stub-1.46.0.jar;C:\Users\Zero_X\.m2\repository\io\grpc\grpc-protobuf\1.46.0\grpc-protobuf-1.46.0.jar;C:\Users\Zero_X\.m2\repository\io\grpc\grpc-protobuf-lite\1.46.0\grpc-protobuf-lite-1.46.0.jar;C:\Users\Zero_X\.m2\repository\com\google\api\api-common\2.2.0\api-common-2.2.0.jar;C:\Users\Zero_X\.m2\repository\javax\annotation\javax.annotation-api\1.3.2\javax.annotation-api-1.3.2.jar;C:\Users\Zero_X\.m2\repository\com\google\auto\value\auto-value-annotations\1.9\auto-value-annotations-1.9.jar;C:\Users\Zero_X\.m2\repository\com\google\protobuf\protobuf-java\3.20.1\protobuf-java-3.20.1.jar;C:\Users\Zero_X\.m2\repository\com\google\api\grpc\proto-google-common-protos\2.8.3\proto-google-common-protos-2.8.3.jar;C:\Users\Zero_X\.m2\repository\com\google\api\grpc\proto-google-cloud-language-v1\2.2.0\proto-google-cloud-language-v1-2.2.0.jar;C:\Users\Zero_X\.m2\repository\com\google\api\grpc\proto-google-cloud-language-v1beta2\0.89.0\proto-google-cloud-language-v1beta2-0.89.0.jar;C:\Users\Zero_X\.m2\repository\com\google\guava\guava\31.1-jre\guava-31.1-jre.jar;C:\Users\Zero_X\.m2\repository\com\google\guava\failureaccess\1.0.1\failureaccess-1.0.1.jar;C:\Users\Zero_X\.m2\repository\com\google\guava\listenablefuture\9999.0-empty-to-avoid-conflict-with-guava\listenablefuture-9999.0-empty-to-avoid-conflict-with-guava.jar;C:\Users\Zero_X\.m2\repository\org\checkerframework\checker-qual\3.22.0\checker-qual-3.22.0.jar;C:\Users\Zero_X\.m2\repository\com\google\j2objc\j2objc-annotations\1.3\j2objc-annotations-1.3.jar;C:\Users\Zero_X\.m2\repository\com\google\api\gax\2.18.1\gax-2.18.1.jar;C:\Users\Zero_X\.m2\repository\com\google\auth\google-auth-library-credentials\1.7.0\google-auth-library-credentials-1.7.0.jar;C:\Users\Zero_X\.m2\repository\com\google\auth\google-auth-library-oauth2-http\1.7.0\google-auth-library-oauth2-http-1.7.0.jar;C:\Users\Zero_X\.m2\repository\com\google\http-client\google-http-client\1.41.8\google-http-client-1.41.8.jar;C:\Users\Zero_X\.m2\repository\org\apache\httpcomponents\httpclient\4.5.13\httpclient-4.5.13.jar;C:\Users\Zero_X\.m2\repository\commons-logging\commons-logging\1.2\commons-logging-1.2.jar;C:\Users\Zero_X\.m2\repository\commons-codec\commons-codec\1.15\commons-codec-1.15.jar;C:\Users\Zero_X\.m2\repository\org\apache\httpcomponents\httpcore\4.4.16\httpcore-4.4.16.jar;C:\Users\Zero_X\.m2\repository\io\opencensus\opencensus-contrib-http-util\0.31.1\opencensus-contrib-http-util-0.31.1.jar;C:\Users\Zero_X\.m2\repository\com\google\http-client\google-http-client-gson\1.41.8\google-http-client-gson-1.41.8.jar;C:\Users\Zero_X\.m2\repository\com\google\code\gson\gson\2.10.1\gson-2.10.1.jar;C:\Users\Zero_X\.m2\repository\io\opencensus\opencensus-api\0.31.1\opencensus-api-0.31.1.jar;C:\Users\Zero_X\.m2\repository\com\google\api\gax-grpc\2.18.1\gax-grpc-2.18.1.jar;C:\Users\Zero_X\.m2\repository\io\grpc\grpc-alts\1.46.0\grpc-alts-1.46.0.jar;C:\Users\Zero_X\.m2\repository\io\grpc\grpc-grpclb\1.46.0\grpc-grpclb-1.46.0.jar;C:\Users\Zero_X\.m2\repository\com\google\protobuf\protobuf-java-util\3.20.1\protobuf-java-util-3.20.1.jar;C:\Users\Zero_X\.m2\repository\org\conscrypt\conscrypt-openjdk-uber\2.5.1\conscrypt-openjdk-uber-2.5.1.jar;C:\Users\Zero_X\.m2\repository\io\grpc\grpc-auth\1.46.0\grpc-auth-1.46.0.jar;C:\Users\Zero_X\.m2\repository\io\grpc\grpc-netty-shaded\1.46.0\grpc-netty-shaded-1.46.0.jar;C:\Users\Zero_X\.m2\repository\io\perfmark\perfmark-api\0.25.0\perfmark-api-0.25.0.jar;C:\Users\Zero_X\.m2\repository\io\grpc\grpc-core\1.46.0\grpc-core-1.46.0.jar;C:\Users\Zero_X\.m2\repository\com\google\android\annotations\4.1.1.4\annotations-4.1.1.4.jar;C:\Users\Zero_X\.m2\repository\org\codehaus\mojo\animal-sniffer-annotations\1.21\animal-sniffer-annotations-1.21.jar;C:\Users\Zero_X\.m2\repository\io\grpc\grpc-googleapis\1.46.0\grpc-googleapis-1.46.0.jar;C:\Users\Zero_X\.m2\repository\io\grpc\grpc-xds\1.46.0\grpc-xds-1.46.0.jar;C:\Users\Zero_X\.m2\repository\io\grpc\grpc-services\1.46.0\grpc-services-1.46.0.jar;C:\Users\Zero_X\.m2\repository\com\google\re2j\re2j\1.5\re2j-1.5.jar;C:\Users\Zero_X\.m2\repository\org\bouncycastle\bcpkix-jdk15on\1.67\bcpkix-jdk15on-1.67.jar;C:\Users\Zero_X\.m2\repository\org\bouncycastle\bcprov-jdk15on\1.67\bcprov-jdk15on-1.67.jar;C:\Users\Zero_X\.m2\repository\io\opencensus\opencensus-proto\0.2.0\opencensus-proto-0.2.0.jar;C:\Users\Zero_X\.m2\repository\org\threeten\threetenbp\1.6.0\threetenbp-1.6.0.jar;C:\Users\Zero_X\.m2\repository\org\json\json\20210307\json-20210307.jar;C:\Users\Zero_X\.m2\repository\org\springframework\boot\spring-boot-starter-web\3.1.0\spring-boot-starter-web-3.1.0.jar;C:\Users\Zero_X\.m2\repository\org\springframework\boot\spring-boot-starter\3.1.0\spring-boot-starter-3.1.0.jar;C:\Users\Zero_X\.m2\repository\org\springframework\boot\spring-boot\3.1.0\spring-boot-3.1.0.jar;C:\Users\Zero_X\.m2\repository\org\springframework\boot\spring-boot-autoconfigure\3.1.0\spring-boot-autoconfigure-3.1.0.jar;C:\Users\Zero_X\.m2\repository\org\springframework\boot\spring-boot-starter-logging\3.1.0\spring-boot-starter-logging-3.1.0.jar;C:\Users\Zero_X\.m2\repository\ch\qos\logback\logback-classic\1.4.7\logback-classic-1.4.7.jar;C:\Users\Zero_X\.m2\repository\ch\qos\logback\logback-core\1.4.7\logback-core-1.4.7.jar;C:\Users\Zero_X\.m2\repository\org\apache\logging\log4j\log4j-to-slf4j\2.20.0\log4j-to-slf4j-2.20.0.jar;C:\Users\Zero_X\.m2\repository\org\apache\logging\log4j\log4j-api\2.20.0\log4j-api-2.20.0.jar;C:\Users\Zero_X\.m2\repository\org\slf4j\jul-to-slf4j\2.0.7\jul-to-slf4j-2.0.7.jar;C:\Users\Zero_X\.m2\repository\jakarta\annotation\jakarta.annotation-api\2.1.1\jakarta.annotation-api-2.1.1.jar;C:\Users\Zero_X\.m2\repository\org\yaml\snakeyaml\1.33\snakeyaml-1.33.jar;C:\Users\Zero_X\.m2\repository\org\springframework\boot\spring-boot-starter-json\3.1.0\spring-boot-starter-json-3.1.0.jar;C:\Users\Zero_X\.m2\repository\com\fasterxml\jackson\core\jackson-databind\2.15.0\jackson-databind-2.15.0.jar;C:\Users\Zero_X\.m2\repository\com\fasterxml\jackson\core\jackson-annotations\2.15.0\jackson-annotations-2.15.0.jar;C:\Users\Zero_X\.m2\repository\com\fasterxml\jackson\core\jackson-core\2.15.0\jackson-core-2.15.0.jar;C:\Users\Zero_X\.m2\repository\com\fasterxml\jackson\datatype\jackson-datatype-jdk8\2.15.0\jackson-datatype-jdk8-2.15.0.jar;C:\Users\Zero_X\.m2\repository\com\fasterxml\jackson\datatype\jackson-datatype-jsr310\2.15.0\jackson-datatype-jsr310-2.15.0.jar;C:\Users\Zero_X\.m2\repository\com\fasterxml\jackson\module\jackson-module-parameter-names\2.15.0\jackson-module-parameter-names-2.15.0.jar;C:\Users\Zero_X\.m2\repository\org\springframework\boot\spring-boot-starter-tomcat\3.1.0\spring-boot-starter-tomcat-3.1.0.jar;C:\Users\Zero_X\.m2\repository\org\apache\tomcat\embed\tomcat-embed-core\10.1.8\tomcat-embed-core-10.1.8.jar;C:\Users\Zero_X\.m2\repository\org\apache\tomcat\embed\tomcat-embed-el\10.1.8\tomcat-embed-el-10.1.8.jar;C:\Users\Zero_X\.m2\repository\org\apache\tomcat\embed\tomcat-embed-websocket\10.1.8\tomcat-embed-websocket-10.1.8.jar;C:\Users\Zero_X\.m2\repository\org\springframework\spring-web\6.0.9\spring-web-6.0.9.jar;C:\Users\Zero_X\.m2\repository\org\springframework\spring-beans\6.0.9\spring-beans-6.0.9.jar;C:\Users\Zero_X\.m2\repository\io\micrometer\micrometer-observation\1.11.0\micrometer-observation-1.11.0.jar;C:\Users\Zero_X\.m2\repository\io\micrometer\micrometer-commons\1.11.0\micrometer-commons-1.11.0.jar;C:\Users\Zero_X\.m2\repository\org\springframework\spring-webmvc\6.0.9\spring-webmvc-6.0.9.jar;C:\Users\Zero_X\.m2\repository\org\springframework\spring-aop\6.0.9\spring-aop-6.0.9.jar;C:\Users\Zero_X\.m2\repository\org\springframework\spring-context\6.0.9\spring-context-6.0.9.jar;C:\Users\Zero_X\.m2\repository\org\springframework\spring-expression\6.0.9\spring-expression-6.0.9.jar;C:\Users\Zero_X\.m2\repository\org\springframework\boot\spring-boot-starter-thymeleaf\3.1.0\spring-boot-starter-thymeleaf-3.1.0.jar;C:\Users\Zero_X\.m2\repository\org\thymeleaf\thymeleaf-spring6\3.1.1.RELEASE\thymeleaf-spring6-3.1.1.RELEASE.jar;C:\Users\Zero_X\.m2\repository\org\thymeleaf\thymeleaf\3.1.1.RELEASE\thymeleaf-3.1.1.RELEASE.jar;C:\Users\Zero_X\.m2\repository\org\attoparser\attoparser\2.0.6.RELEASE\attoparser-2.0.6.RELEASE.jar;C:\Users\Zero_X\.m2\repository\org\unbescape\unbescape\1.1.6.RELEASE\unbescape-1.1.6.RELEASE.jar;C:\Users\Zero_X\.m2\repository\org\slf4j\slf4j-api\2.0.7\slf4j-api-2.0.7.jar;C:\Users\Zero_X\.m2\repository\org\springframework\boot\spring-boot-starter-test\3.1.0\spring-boot-starter-test-3.1.0.jar;C:\Users\Zero_X\.m2\repository\org\springframework\boot\spring-boot-test\3.1.0\spring-boot-test-3.1.0.jar;C:\Users\Zero_X\.m2\repository\org\springframework\boot\spring-boot-test-autoconfigure\3.1.0\spring-boot-test-autoconfigure-3.1.0.jar;C:\Users\Zero_X\.m2\repository\com\jayway\jsonpath\json-path\2.8.0\json-path-2.8.0.jar;C:\Users\Zero_X\.m2\repository\jakarta\xml\bind\jakarta.xml.bind-api\4.0.0\jakarta.xml.bind-api-4.0.0.jar;C:\Users\Zero_X\.m2\repository\jakarta\activation\jakarta.activation-api\2.1.2\jakarta.activation-api-2.1.2.jar;C:\Users\Zero_X\.m2\repository\net\minidev\json-smart\2.4.10\json-smart-2.4.10.jar;C:\Users\Zero_X\.m2\repository\net\minidev\accessors-smart\2.4.9\accessors-smart-2.4.9.jar;C:\Users\Zero_X\.m2\repository\org\ow2\asm\asm\9.3\asm-9.3.jar;C:\Users\Zero_X\.m2\repository\org\assertj\assertj-core\3.24.2\assertj-core-3.24.2.jar;C:\Users\Zero_X\.m2\repository\net\bytebuddy\byte-buddy\1.14.4\byte-buddy-1.14.4.jar;C:\Users\Zero_X\.m2\repository\org\hamcrest\hamcrest\2.2\hamcrest-2.2.jar;C:\Users\Zero_X\.m2\repository\org\junit\jupiter\junit-jupiter\5.9.3\junit-jupiter-5.9.3.jar;C:\Users\Zero_X\.m2\repository\org\junit\jupiter\junit-jupiter-api\5.9.3\junit-jupiter-api-5.9.3.jar;C:\Users\Zero_X\.m2\repository\org\opentest4j\opentest4j\1.2.0\opentest4j-1.2.0.jar;C:\Users\Zero_X\.m2\repository\org\junit\platform\junit-platform-commons\1.9.3\junit-platform-commons-1.9.3.jar;C:\Users\Zero_X\.m2\repository\org\apiguardian\apiguardian-api\1.1.2\apiguardian-api-1.1.2.jar;C:\Users\Zero_X\.m2\repository\org\junit\jupiter\junit-jupiter-params\5.9.3\junit-jupiter-params-5.9.3.jar;C:\Users\Zero_X\.m2\repository\org\junit\jupiter\junit-jupiter-engine\5.9.3\junit-jupiter-engine-5.9.3.jar;C:\Users\Zero_X\.m2\repository\org\junit\platform\junit-platform-engine\1.9.3\junit-platform-engine-1.9.3.jar;C:\Users\Zero_X\.m2\repository\org\mockito\mockito-core\5.3.1\mockito-core-5.3.1.jar;C:\Users\Zero_X\.m2\repository\net\bytebuddy\byte-buddy-agent\1.14.4\byte-buddy-agent-1.14.4.jar;C:\Users\Zero_X\.m2\repository\org\objenesis\objenesis\3.3\objenesis-3.3.jar;C:\Users\Zero_X\.m2\repository\org\mockito\mockito-junit-jupiter\5.3.1\mockito-junit-jupiter-5.3.1.jar;C:\Users\Zero_X\.m2\repository\org\skyscreamer\jsonassert\1.5.1\jsonassert-1.5.1.jar;C:\Users\Zero_X\.m2\repository\com\vaadin\external\google\android-json\0.0.20131108.vaadin1\android-json-0.0.20131108.vaadin1.jar;C:\Users\Zero_X\.m2\repository\org\springframework\spring-core\6.0.9\spring-core-6.0.9.jar;C:\Users\Zero_X\.m2\repository\org\springframework\spring-jcl\6.0.9\spring-jcl-6.0.9.jar;C:\Users\Zero_X\.m2\repository\org\springframework\spring-test\6.0.9\spring-test-6.0.9.jar;C:\Users\Zero_X\.m2\repository\org\xmlunit\xmlunit-core\2.9.1\xmlunit-core-2.9.1.jar;"/>
    <property name="java.vm.vendor" value="Oracle Corporation"/>
    <property name="sun.arch.data.model" value="64"/>
    <property name="user.variant" value=""/>
    <property name="java.vendor.url" value="https://java.oracle.com/"/>
    <property name="user.timezone" value="Europe/Berlin"/>
    <property name="os.name" value="Windows 10"/>
    <property name="java.vm.specification.version" value="20"/>
    <property name="sun.java.launcher" value="SUN_STANDARD"/>
    <property name="user.country" value="IT"/>
    <property name="sun.boot.library.path" value="C:\Program Files\Java\jdk-20\bin"/>
    <property name="sun.java.command" value="C:\Users\Zero_X\AppData\Local\Temp\surefire14541059830836342334\surefirebooter-20250522205256151_3.jar C:\Users\Zero_X\AppData\Local\Temp\surefire14541059830836342334 2025-05-22T20-52-56_041-jvmRun1 surefire-20250522205256151_1tmp surefire_0-20250522205256151_2tmp"/>
    <property name="jdk.debug" value="release"/>
    <property name="surefire.test.class.path" value="C:\NONSENSE_generator\Code\target\test-classes;C:\NONSENSE_generator\Code\target\classes;C:\Users\Zero_X\.m2\repository\junit\junit\4.13.2\junit-4.13.2.jar;C:\Users\Zero_X\.m2\repository\org\hamcrest\hamcrest-core\2.2\hamcrest-core-2.2.jar;C:\Users\Zero_X\.m2\repository\com\google\cloud\google-cloud-language\2.2.0\google-cloud-language-2.2.0.jar;C:\Users\Zero_X\.m2\repository\io\grpc\grpc-api\1.46.0\grpc-api-1.46.0.jar;C:\Users\Zero_X\.m2\repository\io\grpc\grpc-context\1.46.0\grpc-context-1.46.0.jar;C:\Users\Zero_X\.m2\repository\com\google\code\findbugs\jsr305\3.0.2\jsr305-3.0.2.jar;C:\Users\Zero_X\.m2\repository\com\google\errorprone\error_prone_annotations\2.13.1\error_prone_annotations-2.13.1.jar;C:\Users\Zero_X\.m2\repository\io\grpc\grpc-stub\1.46.0\grpc-stub-1.46.0.jar;C:\Users\Zero_X\.m2\repository\io\grpc\grpc-protobuf\1.46.0\grpc-protobuf-1.46.0.jar;C:\Users\Zero_X\.m2\repository\io\grpc\grpc-protobuf-lite\1.46.0\grpc-protobuf-lite-1.46.0.jar;C:\Users\Zero_X\.m2\repository\com\google\api\api-common\2.2.0\api-common-2.2.0.jar;C:\Users\Zero_X\.m2\repository\javax\annotation\javax.annotation-api\1.3.2\javax.annotation-api-1.3.2.jar;C:\Users\Zero_X\.m2\repository\com\google\auto\value\auto-value-annotations\1.9\auto-value-annotations-1.9.jar;C:\Users\Zero_X\.m2\repository\com\google\protobuf\protobuf-java\3.20.1\protobuf-java-3.20.1.jar;C:\Users\Zero_X\.m2\repository\com\google\api\grpc\proto-google-common-protos\2.8.3\proto-google-common-protos-2.8.3.jar;C:\Users\Zero_X\.m2\repository\com\google\api\grpc\proto-google-cloud-language-v1\2.2.0\proto-google-cloud-language-v1-2.2.0.jar;C:\Users\Zero_X\.m2\repository\com\google\api\grpc\proto-google-cloud-language-v1beta2\0.89.0\proto-google-cloud-language-v1beta2-0.89.0.jar;C:\Users\Zero_X\.m2\repository\com\google\guava\guava\31.1-jre\guava-31.1-jre.jar;C:\Users\Zero_X\.m2\repository\com\google\guava\failureaccess\1.0.1\failureaccess-1.0.1.jar;C:\Users\Zero_X\.m2\repository\com\google\guava\listenablefuture\9999.0-empty-to-avoid-conflict-with-guava\listenablefuture-9999.0-empty-to-avoid-conflict-with-guava.jar;C:\Users\Zero_X\.m2\repository\org\checkerframework\checker-qual\3.22.0\checker-qual-3.22.0.jar;C:\Users\Zero_X\.m2\repository\com\google\j2objc\j2objc-annotations\1.3\j2objc-annotations-1.3.jar;C:\Users\Zero_X\.m2\repository\com\google\api\gax\2.18.1\gax-2.18.1.jar;C:\Users\Zero_X\.m2\repository\com\google\auth\google-auth-library-credentials\1.7.0\google-auth-library-credentials-1.7.0.jar;C:\Users\Zero_X\.m2\repository\com\google\auth\google-auth-library-oauth2-http\1.7.0\google-auth-library-oauth2-http-1.7.0.jar;C:\Users\Zero_X\.m2\repository\com\google\http-client\google-http-client\1.41.8\google-http-client-1.41.8.jar;C:\Users\Zero_X\.m2\repository\org\apache\httpcomponents\httpclient\4.5.13\httpclient-4.5.13.jar;C:\Users\Zero_X\.m2\repository\commons-logging\commons-logging\1.2\commons-logging-1.2.jar;C:\Users\Zero_X\.m2\repository\commons-codec\commons-codec\1.15\commons-codec-1.15.jar;C:\Users\Zero_X\.m2\repository\org\apache\httpcomponents\httpcore\4.4.16\httpcore-4.4.16.jar;C:\Users\Zero_X\.m2\repository\io\opencensus\opencensus-contrib-http-util\0.31.1\opencensus-contrib-http-util-0.31.1.jar;C:\Users\Zero_X\.m2\repository\com\google\http-client\google-http-client-gson\1.41.8\google-http-client-gson-1.41.8.jar;C:\Users\Zero_X\.m2\repository\com\google\code\gson\gson\2.10.1\gson-2.10.1.jar;C:\Users\Zero_X\.m2\repository\io\opencensus\opencensus-api\0.31.1\opencensus-api-0.31.1.jar;C:\Users\Zero_X\.m2\repository\com\google\api\gax-grpc\2.18.1\gax-grpc-2.18.1.jar;C:\Users\Zero_X\.m2\repository\io\grpc\grpc-alts\1.46.0\grpc-alts-1.46.0.jar;C:\Users\Zero_X\.m2\repository\io\grpc\grpc-grpclb\1.46.0\grpc-grpclb-1.46.0.jar;C:\Users\Zero_X\.m2\repository\com\google\protobuf\protobuf-java-util\3.20.1\protobuf-java-util-3.20.1.jar;C:\Users\Zero_X\.m2\repository\org\conscrypt\conscrypt-openjdk-uber\2.5.1\conscrypt-openjdk-uber-2.5.1.jar;C:\Users\Zero_X\.m2\repository\io\grpc\grpc-auth\1.46.0\grpc-auth-1.46.0.jar;C:\Users\Zero_X\.m2\repository\io\grpc\grpc-netty-shaded\1.46.0\grpc-netty-shaded-1.46.0.jar;C:\Users\Zero_X\.m2\repository\io\perfmark\perfmark-api\0.25.0\perfmark-api-0.25.0.jar;C:\Users\Zero_X\.m2\repository\io\grpc\grpc-core\1.46.0\grpc-core-1.46.0.jar;C:\Users\Zero_X\.m2\repository\com\google\android\annotations\4.1.1.4\annotations-4.1.1.4.jar;C:\Users\Zero_X\.m2\repository\org\codehaus\mojo\animal-sniffer-annotations\1.21\animal-sniffer-annotations-1.21.jar;C:\Users\Zero_X\.m2\repository\io\grpc\grpc-googleapis\1.46.0\grpc-googleapis-1.46.0.jar;C:\Users\Zero_X\.m2\repository\io\grpc\grpc-xds\1.46.0\grpc-xds-1.46.0.jar;C:\Users\Zero_X\.m2\repository\io\grpc\grpc-services\1.46.0\grpc-services-1.46.0.jar;C:\Users\Zero_X\.m2\repository\com\google\re2j\re2j\1.5\re2j-1.5.jar;C:\Users\Zero_X\.m2\repository\org\bouncycastle\bcpkix-jdk15on\1.67\bcpkix-jdk15on-1.67.jar;C:\Users\Zero_X\.m2\repository\org\bouncycastle\bcprov-jdk15on\1.67\bcprov-jdk15on-1.67.jar;C:\Users\Zero_X\.m2\repository\io\opencensus\opencensus-proto\0.2.0\opencensus-proto-0.2.0.jar;C:\Users\Zero_X\.m2\repository\org\threeten\threetenbp\1.6.0\threetenbp-1.6.0.jar;C:\Users\Zero_X\.m2\repository\org\json\json\20210307\json-20210307.jar;C:\Users\Zero_X\.m2\repository\org\springframework\boot\spring-boot-starter-web\3.1.0\spring-boot-starter-web-3.1.0.jar;C:\Users\Zero_X\.m2\repository\org\springframework\boot\spring-boot-starter\3.1.0\spring-boot-starter-3.1.0.jar;C:\Users\Zero_X\.m2\repository\org\springframework\boot\spring-boot\3.1.0\spring-boot-3.1.0.jar;C:\Users\Zero_X\.m2\repository\org\springframework\boot\spring-boot-autoconfigure\3.1.0\spring-boot-autoconfigure-3.1.0.jar;C:\Users\Zero_X\.m2\repository\org\springframework\boot\spring-boot-starter-logging\3.1.0\spring-boot-starter-logging-3.1.0.jar;C:\Users\Zero_X\.m2\repository\ch\qos\logback\logback-classic\1.4.7\logback-classic-1.4.7.jar;C:\Users\Zero_X\.m2\repository\ch\qos\logback\logback-core\1.4.7\logback-core-1.4.7.jar;C:\Users\Zero_X\.m2\repository\org\apache\logging\log4j\log4j-to-slf4j\2.20.0\log4j-to-slf4j-2.20.0.jar;C:\Users\Zero_X\.m2\repository\org\apache\logging\log4j\log4j-api\2.20.0\log4j-api-2.20.0.jar;C:\Users\Zero_X\.m2\repository\org\slf4j\jul-to-slf4j\2.0.7\jul-to-slf4j-2.0.7.jar;C:\Users\Zero_X\.m2\repository\jakarta\annotation\jakarta.annotation-api\2.1.1\jakarta.annotation-api-2.1.1.jar;C:\Users\Zero_X\.m2\repository\org\yaml\snakeyaml\1.33\snakeyaml-1.33.jar;C:\Users\Zero_X\.m2\repository\org\springframework\boot\spring-boot-starter-json\3.1.0\spring-boot-starter-json-3.1.0.jar;C:\Users\Zero_X\.m2\repository\com\fasterxml\jackson\core\jackson-databind\2.15.0\jackson-databind-2.15.0.jar;C:\Users\Zero_X\.m2\repository\com\fasterxml\jackson\core\jackson-annotations\2.15.0\jackson-annotations-2.15.0.jar;C:\Users\Zero_X\.m2\repository\com\fasterxml\jackson\core\jackson-core\2.15.0\jackson-core-2.15.0.jar;C:\Users\Zero_X\.m2\repository\com\fasterxml\jackson\datatype\jackson-datatype-jdk8\2.15.0\jackson-datatype-jdk8-2.15.0.jar;C:\Users\Zero_X\.m2\repository\com\fasterxml\jackson\datatype\jackson-datatype-jsr310\2.15.0\jackson-datatype-jsr310-2.15.0.jar;C:\Users\Zero_X\.m2\repository\com\fasterxml\jackson\module\jackson-module-parameter-names\2.15.0\jackson-module-parameter-names-2.15.0.jar;C:\Users\Zero_X\.m2\repository\org\springframework\boot\spring-boot-starter-tomcat\3.1.0\spring-boot-starter-tomcat-3.1.0.jar;C:\Users\Zero_X\.m2\repository\org\apache\tomcat\embed\tomcat-embed-core\10.1.8\tomcat-embed-core-10.1.8.jar;C:\Users\Zero_X\.m2\repository\org\apache\tomcat\embed\tomcat-embed-el\10.1.8\tomcat-embed-el-10.1.8.jar;C:\Users\Zero_X\.m2\repository\org\apache\tomcat\embed\tomcat-embed-websocket\10.1.8\tomcat-embed-websocket-10.1.8.jar;C:\Users\Zero_X\.m2\repository\org\springframework\spring-web\6.0.9\spring-web-6.0.9.jar;C:\Users\Zero_X\.m2\repository\org\springframework\spring-beans\6.0.9\spring-beans-6.0.9.jar;C:\Users\Zero_X\.m2\repository\io\micrometer\micrometer-observation\1.11.0\micrometer-observation-1.11.0.jar;C:\Users\Zero_X\.m2\repository\io\micrometer\micrometer-commons\1.11.0\micrometer-commons-1.11.0.jar;C:\Users\Zero_X\.m2\repository\org\springframework\spring-webmvc\6.0.9\spring-webmvc-6.0.9.jar;C:\Users\Zero_X\.m2\repository\org\springframework\spring-aop\6.0.9\spring-aop-6.0.9.jar;C:\Users\Zero_X\.m2\repository\org\springframework\spring-context\6.0.9\spring-context-6.0.9.jar;C:\Users\Zero_X\.m2\repository\org\springframework\spring-expression\6.0.9\spring-expression-6.0.9.jar;C:\Users\Zero_X\.m2\repository\org\springframework\boot\spring-boot-starter-thymeleaf\3.1.0\spring-boot-starter-thymeleaf-3.1.0.jar;C:\Users\Zero_X\.m2\repository\org\thymeleaf\thymeleaf-spring6\3.1.1.RELEASE\thymeleaf-spring6-3.1.1.RELEASE.jar;C:\Users\Zero_X\.m2\repository\org\thymeleaf\thymeleaf\3.1.1.RELEASE\thymeleaf-3.1.1.RELEASE.jar;C:\Users\Zero_X\.m2\repository\org\attoparser\attoparser\2.0.6.RELEASE\attoparser-2.0.6.RELEASE.jar;C:\Users\Zero_X\.m2\repository\org\unbescape\unbescape\1.1.6.RELEASE\unbescape-1.1.6.RELEASE.jar;C:\Users\Zero_X\.m2\repository\org\slf4j\slf4j-api\2.0.7\slf4j-api-2.0.7.jar;C:\Users\Zero_X\.m2\repository\org\springframework\boot\spring-boot-starter-test\3.1.0\spring-boot-starter-test-3.1.0.jar;C:\Users\Zero_X\.m2\repository\org\springframework\boot\spring-boot-test\3.1.0\spring-boot-test-3.1.0.jar;C:\Users\Zero_X\.m2\repository\org\springframework\boot\spring-boot-test-autoconfigure\3.1.0\spring-boot-test-autoconfigure-3.1.0.jar;C:\Users\Zero_X\.m2\repository\com\jayway\jsonpath\json-path\2.8.0\json-path-2.8.0.jar;C:\Users\Zero_X\.m2\repository\jakarta\xml\bind\jakarta.xml.bind-api\4.0.0\jakarta.xml.bind-api-4.0.0.jar;C:\Users\Zero_X\.m2\repository\jakarta\activation\jakarta.activation-api\2.1.2\jakarta.activation-api-2.1.2.jar;C:\Users\Zero_X\.m2\repository\net\minidev\json-smart\2.4.10\json-smart-2.4.10.jar;C:\Users\Zero_X\.m2\repository\net\minidev\accessors-smart\2.4.9\accessors-smart-2.4.9.jar;C:\Users\Zero_X\.m2\repository\org\ow2\asm\asm\9.3\asm-9.3.jar;C:\Users\Zero_X\.m2\repository\org\assertj\assertj-core\3.24.2\assertj-core-3.24.2.jar;C:\Users\Zero_X\.m2\repository\net\bytebuddy\byte-buddy\1.14.4\byte-buddy-1.14.4.jar;C:\Users\Zero_X\.m2\repository\org\hamcrest\hamcrest\2.2\hamcrest-2.2.jar;C:\Users\Zero_X\.m2\repository\org\junit\jupiter\junit-jupiter\5.9.3\junit-jupiter-5.9.3.jar;C:\Users\Zero_X\.m2\repository\org\junit\jupiter\junit-jupiter-api\5.9.3\junit-jupiter-api-5.9.3.jar;C:\Users\Zero_X\.m2\repository\org\opentest4j\opentest4j\1.2.0\opentest4j-1.2.0.jar;C:\Users\Zero_X\.m2\repository\org\junit\platform\junit-platform-commons\1.9.3\junit-platform-commons-1.9.3.jar;C:\Users\Zero_X\.m2\repository\org\apiguardian\apiguardian-api\1.1.2\apiguardian-api-1.1.2.jar;C:\Users\Zero_X\.m2\repository\org\junit\jupiter\junit-jupiter-params\5.9.3\junit-jupiter-params-5.9.3.jar;C:\Users\Zero_X\.m2\repository\org\junit\jupiter\junit-jupiter-engine\5.9.3\junit-jupiter-engine-5.9.3.jar;C:\Users\Zero_X\.m2\repository\org\junit\platform\junit-platform-engine\1.9.3\junit-platform-engine-1.9.3.jar;C:\Users\Zero_X\.m2\repository\org\mockito\mockito-core\5.3.1\mockito-core-5.3.1.jar;C:\Users\Zero_X\.m2\repository\net\bytebuddy\byte-buddy-agent\1.14.4\byte-buddy-agent-1.14.4.jar;C:\Users\Zero_X\.m2\repository\org\objenesis\objenesis\3.3\objenesis-3.3.jar;C:\Users\Zero_X\.m2\repository\org\mockito\mockito-junit-jupiter\5.3.1\mockito-junit-jupiter-5.3.1.jar;C:\Users\Zero_X\.m2\repository\org\skyscreamer\jsonassert\1.5.1\jsonassert-1.5.1.jar;C:\Users\Zero_X\.m2\repository\com\vaadin\external\google\android-json\0.0.20131108.vaadin1\android-json-0.0.20131108.vaadin1.jar;C:\Users\Zero_X\.m2\repository\org\springframework\spring-core\6.0.9\spring-core-6.0.9.jar;C:\Users\Zero_X\.m2\repository\org\springframework\spring-jcl\6.0.9\spring-jcl-6.0.9.jar;C:\Users\Zero_X\.m2\repository\org\springframework\spring-test\6.0.9\spring-test-6.0.9.jar;C:\Users\Zero_X\.m2\repository\org\xmlunit\xmlunit-core\2.9.1\xmlunit-core-2.9.1.jar;"/>
    <property name="sun.cpu.endian" value="little"/>
    <property name="user.home" value="C:\Users\Zero_X"/>
    <property name="user.language" value="it"/>
    <property name="java.specification.vendor" value="Oracle Corporation"/>
    <property name="java.version.date" value="2023-04-18"/>
    <property name="java.home" value="C:\Program Files\Java\jdk-20"/>
    <property name="file.separator" value="\"/>
    <property name="basedir" value="C:\NONSENSE_generator\Code"/>
    <property name="java.vm.compressedOopsMode" value="Zero based"/>
    <property name="line.separator" value="&#10;"/>
    <property name="java.vm.specification.vendor" value="Oracle Corporation"/>
    <property name="java.specification.name" value="Java Platform API Specification"/>
    <property name="FILE_LOG_CHARSET" value="UTF-8"/>
    <property name="java.awt.headless" value="true"/>
    <property name="surefire.real.class.path" value="C:\Users\Zero_X\AppData\Local\Temp\surefire14541059830836342334\surefirebooter-20250522205256151_3.jar"/>
    <property name="user.script" value=""/>
    <property name="sun.management.compiler" value="HotSpot 64-Bit Tiered Compilers"/>
    <property name="java.runtime.version" value="20.0.1+9-29"/>
    <property name="user.name" value="Zero_X"/>
    <property name="stdout.encoding" value="Cp1252"/>
    <property name="path.separator" value=";"/>
    <property name="os.version" value="10.0"/>
    <property name="java.runtime.name" value="Java(TM) SE Runtime Environment"/>
    <property name="file.encoding" value="UTF-8"/>
    <property name="java.vm.name" value="Java HotSpot(TM) 64-Bit Server VM"/>
    <property name="localRepository" value="C:\Users\Zero_X\.m2\repository"/>
    <property name="java.vendor.url.bug" value="https://bugreport.java.com/bugreport/"/>
    <property name="java.io.tmpdir" value="C:\Users\Zero_X\AppData\Local\Temp\"/>
    <property name="java.version" value="20.0.1"/>
    <property name="user.dir" value="C:\NONSENSE_generator\Code"/>
    <property name="os.arch" value="amd64"/>
    <property name="java.vm.specification.name" value="Java Virtual Machine Specification"/>
    <property name="PID" value="3808"/>
    <property name="sun.os.patch.level" value=""/>
    <property name="CONSOLE_LOG_CHARSET" value="UTF-8"/>
    <property name="native.encoding" value="Cp1252"/>
    <property name="java.library.path" value="C:\Program Files\Java\jdk-20\bin;C:\WINDOWS\Sun\Java\bin;C:\WINDOWS\system32;C:\WINDOWS;C:\Program Files\Common Files\Oracle\Java\javapath;C:\WINDOWS\system32;C:\WINDOWS;C:\WINDOWS\System32\Wbem;C:\WINDOWS\System32\WindowsPowerShell\v1.0\;C:\Program Files\Git\cmd;C:\GAME_ENGINE\SDL2-devel-2.26.4-VC\SDL2-2.26.4\lib;C:\MinGW\bin\;C:\Program Files\dotnet\;C:\Program Files\Calibre2\;C:\Program Files\CMake\bin;C:\Program Files\PuTTY\;C:\Program Files\Conan\conan;C:\Users\Zero_X\AppData\Local\Microsoft\WindowsApps;C:\Users\Zero_X\AppData\Local\GitHubDesktop\bin;C:\Users\Zero_X\AppData\Roaming\Amazon;C:\Program Files\Apache\Maven\apache-maven-3.9.9\bin;;."/>
    <property name="java.vm.info" value="mixed mode, sharing"/>
    <property name="stderr.encoding" value="Cp1252"/>
    <property name="java.vendor" value="Oracle Corporation"/>
    <property name="java.vm.version" value="20.0.1+9-29"/>
    <property name="sun.io.unicode.encoding" value="UnicodeLittle"/>
    <property name="java.class.version" value="64.0"/>
  </properties>
  <testcase name="testAnalyzeSyntax" classname="MaGiNiSo.service.NonSenseServiceTest" time="0.079"/>
  <testcase name="testPrintSyntacticTree" classname="MaGiNiSo.service.NonSenseServiceTest" time="0.0"/>
  <testcase name="testValidateSentence" classname="MaGiNiSo.service.NonSenseServiceTest" time="0.015"/>
  <testcase name="testGenerateSentence" classname="MaGiNiSo.service.NonSenseServiceTest" time="0.0"/>
</testsuite>